TN:
SF:src/app.ts
FN:26,(anonymous_1)
FN:37,init
FN:42,close
FNF:3
FNH:2
FNDA:1,(anonymous_1)
FNDA:11,init
FNDA:0,close
DA:1,11
DA:2,11
DA:3,11
DA:4,11
DA:6,11
DA:8,11
DA:10,11
DA:11,11
DA:22,11
DA:23,11
DA:26,1
DA:37,11
DA:38,11
DA:39,11
DA:42,11
DA:43,0
DA:46,11
LF:17
LH:16
BRF:0
BRH:0
end_of_record
TN:
SF:src/server.ts
FN:5,(anonymous_6)
FN:6,(anonymous_7)
FNF:2
FNH:0
FNDA:0,(anonymous_6)
FNDA:0,(anonymous_7)
DA:1,0
DA:3,0
DA:5,0
DA:6,0
DA:8,0
LF:5
LH:0
BRDA:3,0,0,0
BRDA:3,0,1,0
BRF:2
BRH:0
end_of_record
TN:
SF:src/config/database.ts
FN:4,connectDb
FN:8,disconnectDB
FNF:2
FNH:1
FNDA:11,connectDb
FNDA:0,disconnectDB
DA:1,14
DA:4,14
DA:5,11
DA:8,14
DA:9,0
LF:5
LH:4
BRF:0
BRH:0
end_of_record
TN:
SF:src/config/envs.ts
FN:4,loadEnv
FNF:1
FNH:1
FNDA:25,loadEnv
DA:1,14
DA:2,14
DA:4,14
DA:6,25
DA:12,25
DA:13,25
LF:6
LH:6
BRDA:6,0,0,25
BRDA:6,0,1,0
BRDA:8,1,0,0
BRDA:8,1,1,0
BRF:4
BRH:1
end_of_record
TN:
SF:src/config/index.ts
FNF:0
FNH:0
DA:1,14
DA:2,14
LF:2
LH:2
BRF:0
BRH:0
end_of_record
TN:
SF:src/controllers/authentication-controller.ts
FN:4,singInPost
FNF:1
FNH:1
FNDA:5,singInPost
DA:1,11
DA:3,11
DA:4,11
DA:5,5
DA:7,5
DA:8,5
DA:10,3
DA:12,2
LF:8
LH:8
BRF:0
BRH:0
end_of_record
TN:
SF:src/controllers/bookings-controller.ts
FN:6,listBooking
FN:17,createBooking
FN:37,changeBooking
FNF:3
FNH:3
FNDA:2,listBooking
FNDA:8,createBooking
FNDA:9,changeBooking
DA:3,11
DA:4,11
DA:6,11
DA:7,2
DA:9,2
DA:10,2
DA:11,1
DA:13,1
DA:17,11
DA:18,8
DA:19,8
DA:21,8
DA:22,1
DA:25,7
DA:26,7
DA:27,1
DA:29,6
DA:30,5
DA:33,1
DA:37,11
DA:38,9
DA:39,9
DA:40,9
DA:42,9
DA:43,1
DA:46,8
DA:47,8
DA:48,1
DA:51,7
DA:52,6
DA:55,1
LF:31
LH:31
BRDA:21,0,0,1
BRDA:29,1,0,5
BRDA:42,2,0,1
BRDA:42,3,0,9
BRDA:42,3,1,9
BRDA:51,4,0,6
BRF:6
BRH:6
end_of_record
TN:
SF:src/controllers/enrollments-controller.ts
FN:6,getEnrollmentByUser
FN:18,postCreateOrUpdateEnrollment
FN:31,getAddressFromCEP
FNF:3
FNH:3
FNDA:2,getEnrollmentByUser
FNDA:2,postCreateOrUpdateEnrollment
FNDA:2,getAddressFromCEP
DA:2,11
DA:4,11
DA:6,11
DA:7,2
DA:9,2
DA:10,2
DA:12,1
DA:14,1
DA:18,11
DA:19,2
DA:20,2
DA:25,2
DA:27,0
DA:31,11
DA:32,2
DA:34,2
DA:35,2
DA:36,1
DA:38,1
DA:39,1
LF:20
LH:19
BRDA:38,0,0,1
BRF:1
BRH:1
end_of_record
TN:
SF:src/controllers/events-controller.ts
FN:5,getDefaultEvent
FNF:1
FNH:1
FNDA:2,getDefaultEvent
DA:1,11
DA:3,11
DA:5,11
DA:6,2
DA:7,2
DA:8,1
DA:10,1
LF:7
LH:7
BRF:0
BRH:0
end_of_record
TN:
SF:src/controllers/hotels-controller.ts
FN:6,listHotels
FN:17,listRoomsPerHotelById
FNF:2
FNH:2
FNDA:10,listHotels
FNDA:3,listRoomsPerHotelById
DA:1,11
DA:3,11
DA:6,11
DA:7,10
DA:9,10
DA:10,10
DA:11,2
DA:13,8
DA:17,11
DA:18,3
DA:19,3
DA:21,3
DA:22,0
DA:25,3
DA:26,3
DA:27,2
DA:29,1
LF:17
LH:16
BRDA:21,0,0,0
BRF:1
BRH:0
end_of_record
TN:
SF:src/controllers/index.ts
FNF:0
FNH:0
DA:1,11
DA:2,11
DA:3,11
DA:4,11
DA:5,11
DA:6,11
DA:7,11
DA:8,11
LF:8
LH:8
BRF:0
BRH:0
end_of_record
TN:
SF:src/controllers/payments-controller.ts
FN:8,getPayments
FN:30,postPayment
FNF:2
FNH:2
FNDA:3,getPayments
FNDA:5,postPayment
DA:3,11
DA:4,11
DA:5,11
DA:8,11
DA:9,3
DA:11,3
DA:12,3
DA:14,3
DA:15,1
DA:18,2
DA:20,2
DA:21,0
DA:24,1
DA:26,1
DA:30,11
DA:31,5
DA:32,5
DA:34,5
DA:35,5
DA:36,5
DA:38,5
DA:39,1
DA:41,4
DA:42,1
DA:45,3
DA:47,3
DA:49,0
LF:27
LH:25
BRDA:14,0,0,1
BRDA:20,1,0,0
BRDA:38,2,0,1
BRDA:41,3,0,1
BRF:4
BRH:3
end_of_record
TN:
SF:src/controllers/tickets-controller.ts
FN:6,getTicketsTypes
FN:15,getTickets
FN:26,postTicket
FNF:3
FNH:3
FNDA:2,getTicketsTypes
FNDA:3,getTickets
FNDA:3,postTicket
DA:3,11
DA:4,11
DA:6,11
DA:7,2
DA:8,2
DA:9,2
DA:11,0
DA:15,11
DA:16,3
DA:18,3
DA:19,3
DA:20,1
DA:22,2
DA:26,11
DA:27,3
DA:28,3
DA:30,3
DA:31,3
DA:32,2
DA:34,1
LF:20
LH:19
BRF:0
BRH:0
end_of_record
TN:
SF:src/controllers/users-controller.ts
FN:5,usersPost
FNF:1
FNH:1
FNDA:6,usersPost
DA:1,11
DA:3,11
DA:5,11
DA:6,6
DA:8,6
DA:9,6
DA:10,3
DA:15,3
DA:16,1
DA:18,2
LF:10
LH:10
BRDA:15,0,0,1
BRF:1
BRH:1
end_of_record
TN:
SF:src/errors/cannot-enroll-before-start-date-error.ts
FN:3,cannotEnrollBeforeStartDateError
FNF:1
FNH:1
FNDA:2,cannotEnrollBeforeStartDateError
DA:3,11
DA:4,2
LF:2
LH:2
BRF:0
BRH:0
end_of_record
TN:
SF:src/errors/conflict-error.ts
FN:3,conflictError
FNF:1
FNH:0
FNDA:0,conflictError
DA:3,11
DA:4,0
LF:2
LH:1
BRF:0
BRH:0
end_of_record
TN:
SF:src/errors/forbidden-error.ts
FN:3,forbiddenError
FNF:1
FNH:1
FNDA:2,forbiddenError
DA:3,11
DA:4,2
LF:2
LH:2
BRF:0
BRH:0
end_of_record
TN:
SF:src/errors/index.ts
FNF:0
FNH:0
DA:1,11
DA:2,11
DA:3,11
DA:4,11
DA:5,11
DA:6,11
DA:7,11
LF:7
LH:7
BRF:0
BRH:0
end_of_record
TN:
SF:src/errors/invalid-data-error.ts
FN:3,invalidDataError
FNF:1
FNH:1
FNDA:7,invalidDataError
DA:3,11
DA:4,7
LF:2
LH:2
BRF:0
BRH:0
end_of_record
TN:
SF:src/errors/invalid-email-error.ts
FN:3,invalidEmailError
FNF:1
FNH:0
FNDA:0,invalidEmailError
DA:3,11
DA:4,0
LF:2
LH:1
BRF:0
BRH:0
end_of_record
TN:
SF:src/errors/not-found-error.ts
FN:3,notFoundError
FNF:1
FNH:1
FNDA:25,notFoundError
DA:3,11
DA:4,25
LF:2
LH:2
BRF:0
BRH:0
end_of_record
TN:
SF:src/errors/request-error.ts
FN:3,requestError
FNF:1
FNH:1
FNDA:1,requestError
DA:3,11
DA:4,1
LF:2
LH:2
BRF:0
BRH:0
end_of_record
TN:
SF:src/errors/unauthorized-error.ts
FN:3,unauthorizedError
FNF:1
FNH:1
FNDA:36,unauthorizedError
DA:3,11
DA:4,36
LF:2
LH:2
BRF:0
BRH:0
end_of_record
TN:
SF:src/middlewares/authentication-middleware.ts
FN:8,authenticateToken
FN:33,generateUnauthorizedResponse
FNF:2
FNH:2
FNDA:95,authenticateToken
FNDA:36,generateUnauthorizedResponse
DA:2,11
DA:3,11
DA:5,11
DA:6,11
DA:8,11
DA:9,95
DA:10,95
DA:12,83
DA:13,83
DA:15,83
DA:16,83
DA:18,71
DA:23,71
DA:25,59
DA:27,59
DA:29,12
DA:34,36
LF:17
LH:17
BRDA:10,0,0,12
BRDA:13,1,0,0
BRDA:23,2,0,12
BRF:3
BRH:2
end_of_record
TN:
SF:src/middlewares/error-handling-middleware.ts
FN:5,handleApplicationErrors
FNF:1
FNH:0
FNDA:0,handleApplicationErrors
DA:3,11
DA:5,11
DA:6,0
DA:7,0
DA:12,0
DA:13,0
DA:18,0
DA:19,0
DA:24,0
DA:25,0
DA:30,0
DA:31,0
DA:37,0
DA:38,0
LF:14
LH:2
BRDA:6,0,0,0
BRDA:12,1,0,0
BRDA:12,2,0,0
BRDA:12,2,1,0
BRDA:18,3,0,0
BRDA:24,4,0,0
BRDA:30,5,0,0
BRF:7
BRH:0
end_of_record
TN:
SF:src/middlewares/index.ts
FNF:0
FNH:0
DA:1,11
DA:2,11
DA:3,11
DA:4,11
LF:4
LH:4
BRF:0
BRH:0
end_of_record
TN:
SF:src/middlewares/payments-middleware.ts
FN:6,validateBodyTicketId
FN:16,validateBodyPayment
FNF:2
FNH:2
FNDA:4,validateBodyTicketId
FNDA:7,validateBodyPayment
DA:3,11
DA:6,11
DA:7,4
DA:9,4
DA:10,1
DA:13,3
DA:16,11
DA:17,7
DA:18,7
DA:20,7
DA:21,2
DA:24,5
DA:25,5
LF:13
LH:13
BRDA:9,0,0,1
BRDA:20,1,0,2
BRDA:20,2,0,7
BRDA:20,2,1,6
BRF:4
BRH:4
end_of_record
TN:
SF:src/middlewares/tickets-middleware.ts
FN:6,validateBodyTicketType
FNF:1
FNH:1
FNDA:4,validateBodyTicketType
DA:4,11
DA:6,11
DA:7,4
DA:8,4
DA:10,4
DA:11,1
DA:14,3
DA:15,3
LF:8
LH:8
BRDA:10,0,0,1
BRF:1
BRH:1
end_of_record
TN:
SF:src/middlewares/validation-middleware.ts
FN:6,validateBody
FN:10,validateParams
FN:14,validate
FN:15,(anonymous_4)
FN:23,(anonymous_5)
FNF:5
FNH:4
FNDA:33,validateBody
FNDA:0,validateParams
FNDA:33,validate
FNDA:20,(anonymous_4)
FNDA:23,(anonymous_5)
DA:1,11
DA:3,11
DA:6,11
DA:7,33
DA:10,11
DA:11,0
DA:15,33
DA:16,20
DA:20,20
DA:21,13
DA:23,23
LF:11
LH:10
BRDA:20,0,0,13
BRDA:20,0,1,7
BRF:2
BRH:2
end_of_record
TN:
SF:src/repositories/address-repository/index.ts
FN:4,upsert
FNF:1
FNH:1
FNDA:2,upsert
DA:1,11
DA:5,2
DA:20,11
DA:24,11
LF:4
LH:4
BRF:0
BRH:0
end_of_record
TN:
SF:src/repositories/bookings-repository/index.ts
FN:3,findBookingByUserId
FN:10,insertBooking
FN:20,putBooking
FN:30,findRoomById
FN:36,findBookingsByRoomId
FN:42,findBookingByRoomId
FN:48,findBookingById
FNF:7
FNH:6
FNDA:2,findBookingByUserId
FNDA:1,insertBooking
FNDA:1,putBooking
FNDA:7,findRoomById
FNDA:5,findBookingsByRoomId
FNDA:0,findBookingByRoomId
FNDA:2,findBookingById
DA:1,11
DA:4,2
DA:11,1
DA:21,1
DA:31,7
DA:37,5
DA:43,0
DA:49,2
DA:54,11
DA:64,11
LF:10
LH:9
BRF:0
BRH:0
end_of_record
TN:
SF:src/repositories/enrollment-repository/index.ts
FN:4,findWithAddressByUserId
FN:13,upsert
FNF:2
FNH:2
FNDA:2,findWithAddressByUserId
FNDA:2,upsert
DA:1,11
DA:5,2
DA:18,2
DA:30,11
DA:35,11
LF:5
LH:5
BRF:0
BRH:0
end_of_record
TN:
SF:src/repositories/event-repository/index.ts
FN:3,findFirst
FNF:1
FNH:1
FNDA:11,findFirst
DA:1,11
DA:4,11
DA:7,11
DA:11,11
LF:4
LH:4
BRF:0
BRH:0
end_of_record
TN:
SF:src/repositories/hotels-repository/index.ts
FN:3,findHotels
FN:7,findRoomsPerHotelById
FN:25,findHotelById
FNF:3
FNH:3
FNDA:2,findHotels
FNDA:2,findRoomsPerHotelById
FNDA:2,findHotelById
DA:1,11
DA:4,2
DA:19,2
DA:26,2
DA:31,11
DA:37,11
LF:6
LH:6
BRF:0
BRH:0
end_of_record
TN:
SF:src/repositories/payments-repository/index.ts
FN:4,findPaymentById
FN:12,findTicketById
FN:20,createPayment
FN:35,updateTicket
FNF:4
FNH:4
FNDA:2,findPaymentById
FNDA:8,findTicketById
FNDA:3,createPayment
FNDA:3,updateTicket
DA:1,11
DA:5,2
DA:13,8
DA:21,3
DA:25,3
DA:36,3
DA:46,11
DA:53,11
LF:8
LH:8
BRF:0
BRH:0
end_of_record
TN:
SF:src/repositories/session-repository/index.ts
FN:4,create
FNF:1
FNH:1
FNDA:5,create
DA:1,11
DA:5,5
DA:10,11
DA:14,11
LF:4
LH:4
BRF:0
BRH:0
end_of_record
TN:
SF:src/repositories/tickets-repository/index.ts
FN:3,findTicketsTypesToEvent
FN:7,findTicketsToEvent
FN:14,findEnrollmentByUserId
FN:22,createTicketToEvent
FN:33,findTiketTypeById
FNF:5
FNH:5
FNDA:2,findTicketsTypesToEvent
FNDA:19,findTicketsToEvent
FNDA:39,findEnrollmentByUserId
FNDA:2,createTicketToEvent
FNDA:13,findTiketTypeById
DA:1,11
DA:4,2
DA:8,19
DA:15,39
DA:23,2
DA:34,13
DA:39,11
DA:47,11
LF:8
LH:8
BRF:0
BRH:0
end_of_record
TN:
SF:src/repositories/user-repository/index.ts
FN:4,findByEmail
FN:18,create
FNF:2
FNH:2
FNDA:16,findByEmail
FNDA:5,create
DA:1,11
DA:5,16
DA:11,16
DA:12,9
DA:15,16
DA:19,5
DA:24,11
DA:29,11
LF:8
LH:8
BRDA:11,0,0,9
BRF:1
BRH:1
end_of_record
TN:
SF:src/routers/authentication-router.ts
FNF:0
FNH:0
DA:1,11
DA:2,11
DA:3,11
DA:4,11
DA:6,11
DA:8,11
DA:10,11
LF:7
LH:7
BRF:0
BRH:0
end_of_record
TN:
SF:src/routers/bookings-router.ts
FNF:0
FNH:0
DA:1,11
DA:2,11
DA:3,11
DA:5,11
DA:7,11
DA:13,11
LF:6
LH:6
BRF:0
BRH:0
end_of_record
TN:
SF:src/routers/enrollments-router.ts
FNF:0
FNH:0
DA:1,11
DA:2,11
DA:3,11
DA:4,11
DA:6,11
DA:8,11
DA:14,11
LF:7
LH:7
BRF:0
BRH:0
end_of_record
TN:
SF:src/routers/events-router.ts
FNF:0
FNH:0
DA:1,11
DA:2,11
DA:4,11
DA:6,11
DA:8,11
LF:5
LH:5
BRF:0
BRH:0
end_of_record
TN:
SF:src/routers/hotels-router.ts
FNF:0
FNH:0
DA:1,11
DA:2,11
DA:3,11
DA:5,11
DA:7,11
DA:12,11
LF:6
LH:6
BRF:0
BRH:0
end_of_record
TN:
SF:src/routers/index.ts
FNF:0
FNH:0
DA:1,11
DA:2,11
DA:3,11
DA:4,11
DA:5,11
DA:6,11
DA:7,11
DA:8,11
LF:8
LH:8
BRF:0
BRH:0
end_of_record
TN:
SF:src/routers/payments-router.ts
FNF:0
FNH:0
DA:1,11
DA:2,11
DA:3,11
DA:4,11
DA:6,11
DA:8,11
DA:13,11
LF:7
LH:7
BRF:0
BRH:0
end_of_record
TN:
SF:src/routers/tickets-router.ts
FNF:0
FNH:0
DA:1,11
DA:2,11
DA:3,11
DA:5,11
DA:7,11
DA:13,11
LF:6
LH:6
BRF:0
BRH:0
end_of_record
TN:
SF:src/routers/users-router.ts
FNF:0
FNH:0
DA:1,11
DA:3,11
DA:4,11
DA:5,11
DA:7,11
DA:9,11
DA:11,11
LF:7
LH:7
BRF:0
BRH:0
end_of_record
TN:
SF:src/schemas/authentication-schemas.ts
FNF:0
FNH:0
DA:2,14
DA:4,14
LF:2
LH:2
BRF:0
BRH:0
end_of_record
TN:
SF:src/schemas/enrollments-schemas.ts
FN:23,(anonymous_1)
FN:30,joiCpfValidation
FN:40,JoiCepValidation
FN:50,joiMobilePhoneValidation
FNF:4
FNH:4
FNDA:378,(anonymous_1)
FNDA:29,joiCpfValidation
FNDA:19,JoiCepValidation
FNDA:23,joiMobilePhoneValidation
DA:2,14
DA:3,14
DA:5,14
DA:7,14
DA:9,14
DA:11,14
DA:23,378
DA:31,29
DA:33,29
DA:34,1
DA:37,28
DA:41,19
DA:43,19
DA:44,1
DA:47,18
DA:51,23
DA:53,23
DA:54,0
DA:57,23
LF:19
LH:18
BRDA:31,0,0,0
BRDA:33,1,0,1
BRDA:41,2,0,0
BRDA:43,3,0,1
BRDA:51,4,0,0
BRDA:53,5,0,0
BRF:6
BRH:2
end_of_record
TN:
SF:src/schemas/index.ts
FNF:0
FNH:0
DA:1,14
DA:2,14
DA:3,14
LF:3
LH:3
BRF:0
BRH:0
end_of_record
TN:
SF:src/schemas/tickets-schemas.ts
FNF:0
FNH:0
DA:1,0
DA:3,0
LF:2
LH:0
BRF:0
BRH:0
end_of_record
TN:
SF:src/schemas/users-schemas.ts
FNF:0
FNH:0
DA:2,14
DA:4,14
LF:2
LH:2
BRF:0
BRH:0
end_of_record
TN:
SF:src/services/index.ts
FNF:0
FNH:0
DA:1,0
DA:2,0
DA:3,0
DA:4,0
DA:5,0
DA:6,0
DA:7,0
DA:8,0
LF:8
LH:0
BRF:0
BRH:0
end_of_record
TN:
SF:src/services/authentication-service/errors.ts
FN:3,invalidCredentialsError
FNF:1
FNH:1
FNDA:6,invalidCredentialsError
DA:3,11
DA:4,6
LF:2
LH:2
BRF:0
BRH:0
end_of_record
TN:
SF:src/services/authentication-service/index.ts
FN:9,signIn
FN:24,getUserOrFail
FN:31,createSession
FN:41,validatePasswordOrFail
FNF:4
FNH:4
FNDA:9,signIn
FNDA:9,getUserOrFail
FNDA:5,createSession
FNDA:7,validatePasswordOrFail
DA:1,11
DA:2,11
DA:3,11
DA:5,11
DA:6,11
DA:7,11
DA:10,9
DA:12,9
DA:14,7
DA:16,5
DA:18,5
DA:25,9
DA:26,9
DA:28,7
DA:32,5
DA:33,5
DA:38,5
DA:42,7
DA:43,7
DA:55,11
DA:59,11
DA:60,11
LF:22
LH:22
BRDA:26,0,0,2
BRDA:43,1,0,2
BRF:2
BRH:2
end_of_record
TN:
SF:src/services/bookings-service/index.ts
FN:10,getBookingByUserId
FN:20,postBooking
FN:39,updateBooking
FN:64,verifyConditions
FN:86,verifyRoomAndBooking
FNF:5
FNH:5
FNDA:2,getBookingByUserId
FNDA:7,postBooking
FNDA:8,updateBooking
FNDA:15,verifyConditions
FNDA:7,verifyRoomAndBooking
DA:1,11
DA:2,11
DA:3,11
DA:4,11
DA:5,11
DA:6,11
DA:11,2
DA:13,2
DA:14,1
DA:17,1
DA:21,7
DA:23,7
DA:24,4
DA:27,3
DA:29,3
DA:30,1
DA:32,2
DA:33,1
DA:36,1
DA:40,8
DA:42,8
DA:43,4
DA:46,4
DA:48,4
DA:49,1
DA:51,3
DA:52,1
DA:55,2
DA:57,2
DA:58,1
DA:61,1
DA:65,15
DA:67,15
DA:68,2
DA:71,13
DA:73,13
DA:74,4
DA:77,9
DA:79,9
DA:80,2
DA:83,7
DA:87,7
DA:89,7
DA:90,2
DA:93,5
DA:94,5
DA:96,5
DA:97,2
DA:100,3
DA:103,11
DA:109,11
LF:51
LH:51
BRDA:13,0,0,1
BRDA:23,1,0,4
BRDA:29,2,0,1
BRDA:32,3,0,1
BRDA:42,4,0,4
BRDA:48,5,0,1
BRDA:51,6,0,1
BRDA:57,7,0,1
BRDA:57,8,0,2
BRDA:57,8,1,1
BRDA:67,9,0,2
BRDA:73,10,0,4
BRDA:73,11,0,13
BRDA:73,11,1,11
BRDA:79,12,0,2
BRDA:79,13,0,9
BRDA:79,13,1,7
BRDA:89,14,0,2
BRDA:96,15,0,2
BRF:19
BRH:19
end_of_record
TN:
SF:src/services/enrollments-service/index.ts
FN:9,getAddressFromCEP
FN:35,getOneWithAddressByUserId
FN:51,getFirstAddress
FN:59,createOrUpdateEnrollmentWithAddress
FN:73,getAddressForUpsert
FNF:5
FNH:5
FNDA:4,getAddressFromCEP
FNDA:2,getOneWithAddressByUserId
FNDA:1,getFirstAddress
FNDA:2,createOrUpdateEnrollmentWithAddress
FNDA:2,getAddressForUpsert
DA:2,11
DA:3,11
DA:4,11
DA:5,11
DA:6,11
DA:10,4
DA:12,4
DA:13,1
DA:22,3
DA:24,3
DA:32,3
DA:36,2
DA:38,2
DA:40,1
DA:41,1
DA:43,1
DA:52,1
DA:54,1
DA:60,2
DA:61,2
DA:63,2
DA:64,2
DA:65,0
DA:68,2
DA:70,2
DA:74,2
DA:84,11
DA:90,11
LF:28
LH:27
BRDA:12,0,0,1
BRDA:38,1,0,1
BRDA:45,2,0,1
BRDA:45,2,1,1
BRDA:52,3,0,0
BRDA:64,4,0,0
BRDA:76,5,0,2
BRDA:76,5,1,2
BRF:8
BRH:6
end_of_record
TN:
SF:src/services/events-service/index.ts
FN:7,getFirstEvent
FN:16,isCurrentEventActive
FNF:2
FNH:2
FNDA:2,getFirstEvent
FNDA:9,isCurrentEventActive
DA:1,11
DA:2,11
DA:3,11
DA:5,11
DA:8,2
DA:9,2
DA:11,1
DA:17,9
DA:18,9
DA:20,8
DA:21,8
DA:22,8
DA:24,8
DA:27,11
DA:32,11
LF:15
LH:15
BRDA:9,0,0,1
BRDA:18,1,0,1
BRDA:24,2,0,8
BRDA:24,2,1,7
BRF:4
BRH:4
end_of_record
TN:
SF:src/services/hotels-service/index.ts
FN:7,getHotels
FN:17,getRoomsPerHotelById
FN:33,verifyEnrollmentAndTicketByUserId
FNF:3
FNH:3
FNDA:10,getHotels
FNDA:3,getRoomsPerHotelById
FNDA:13,verifyEnrollmentAndTicketByUserId
DA:1,11
DA:2,11
DA:4,11
DA:5,11
DA:8,10
DA:10,10
DA:11,8
DA:14,2
DA:18,3
DA:20,3
DA:21,1
DA:24,2
DA:26,2
DA:27,0
DA:30,2
DA:34,13
DA:36,13
DA:37,9
DA:40,4
DA:42,4
DA:43,0
DA:46,4
DA:48,4
DA:49,0
DA:52,4
DA:55,11
DA:60,11
LF:27
LH:24
BRDA:10,0,0,8
BRDA:20,1,0,1
BRDA:26,2,0,0
BRDA:36,3,0,9
BRDA:42,4,0,0
BRDA:42,5,0,4
BRDA:42,5,1,4
BRDA:48,6,0,0
BRDA:48,7,0,4
BRDA:48,7,1,4
BRF:10
BRH:7
end_of_record
TN:
SF:src/services/payments-service/index.ts
FN:7,getPaymentById
FN:12,getTicketById
FN:17,postPayment
FNF:3
FNH:3
FNDA:2,getPaymentById
FNDA:8,getTicketById
FNDA:3,postPayment
DA:2,11
DA:8,2
DA:9,2
DA:13,8
DA:14,8
DA:18,3
DA:19,3
DA:21,3
DA:27,11
DA:33,11
LF:10
LH:10
BRF:0
BRH:0
end_of_record
TN:
SF:src/services/tickets-service/index.ts
FN:5,getTicketsTypesToEvent
FN:9,getTicketsToEvent
FN:20,postTicketToEvent
FN:30,getEnrollmentByUserId
FNF:4
FNH:4
FNDA:2,getTicketsTypesToEvent
FNDA:3,getTicketsToEvent
FNDA:3,postTicketToEvent
FNDA:11,getEnrollmentByUserId
DA:1,11
DA:2,11
DA:6,2
DA:10,3
DA:11,2
DA:13,2
DA:14,0
DA:17,1
DA:21,3
DA:23,3
DA:24,1
DA:27,2
DA:31,11
DA:34,11
DA:41,11
LF:15
LH:14
BRDA:13,0,0,0
BRDA:23,1,0,1
BRF:2
BRH:1
end_of_record
TN:
SF:src/services/users-service/errors.ts
FN:3,duplicatedEmailError
FNF:1
FNH:1
FNDA:4,duplicatedEmailError
DA:3,11
DA:4,4
LF:2
LH:2
BRF:0
BRH:0
end_of_record
TN:
SF:src/services/users-service/index.ts
FN:8,createUser
FN:20,validateUniqueEmailOrFail
FN:27,canEnrollOrFail
FNF:3
FNH:3
FNDA:9,createUser
FNDA:7,validateUniqueEmailOrFail
FNDA:9,canEnrollOrFail
DA:1,11
DA:2,11
DA:4,11
DA:5,11
DA:6,11
DA:8,11
DA:9,9
DA:11,7
DA:13,5
DA:14,5
DA:21,7
DA:22,7
DA:23,2
DA:28,9
DA:29,9
DA:30,2
DA:36,11
DA:40,11
DA:41,11
LF:19
LH:19
BRDA:22,0,0,2
BRDA:29,1,0,2
BRF:2
BRH:2
end_of_record
TN:
SF:src/utils/cep-service.ts
FN:4,getAddress
FNF:1
FNH:1
FNDA:4,getAddress
DA:2,11
DA:5,4
DA:6,4
DA:10,11
LF:4
LH:4
BRF:0
BRH:0
end_of_record
TN:
SF:src/utils/prisma-utils.ts
FN:1,exclude
FNF:1
FNH:1
FNDA:13,exclude
DA:1,11
DA:2,13
DA:3,13
DA:4,22
DA:6,13
LF:5
LH:5
BRF:0
BRH:0
end_of_record
TN:
SF:src/utils/request.ts
FN:4,get
FNF:1
FNH:1
FNDA:4,get
DA:1,11
DA:2,11
DA:5,4
DA:6,4
DA:7,3
DA:12,1
DA:14,1
DA:18,11
LF:8
LH:8
BRF:0
BRH:0
end_of_record
